INFO 2025-04-18 17:27:52,120 basehttp 10828 128443769423424 "GET /media/2025/04/18/2025-03-26-19-12-00.png HTTP/1.1" 304 0
WARNING 2025-04-18 17:27:52,128 log 10828 128443779909184 Not Found: /media/2019/08/15/course-cover.jpeg
INFO 2025-04-18 17:27:52,131 basehttp 10828 128443668760128 "GET /static/ckeditor/ckeditor/plugins/copyformatting/styles/copyformatting.css?t=N5UC HTTP/1.1" 304 0
INFO 2025-04-18 17:27:52,133 basehttp 10828 128443790394944 "GET /static/ckeditor/ckeditor/plugins/tableselection/styles/tableselection.css?t=N5UC HTTP/1.1" 304 0
WARNING 2025-04-18 17:27:52,135 basehttp 10828 128443779909184 "GET /media/2019/08/15/course-cover.jpeg HTTP/1.1" 404 2689
INFO 2025-04-18 17:27:52,135 basehttp 10828 128443758937664 "GET /static/ckeditor/ckeditor/contents.css?t=N5UC HTTP/1.1" 304 0
INFO 2025-04-18 17:30:11,696 basehttp 10828 128443779909184 "GET /static/ckeditor/ckeditor/plugins/magicline/images/icon.png?t=N5UC HTTP/1.1" 304 0
INFO 2025-04-18 17:30:17,332 basehttp 10828 128443679245888 "GET /course/?page=5&size=3&ordering=-price HTTP/1.1" 200 989
INFO 2025-04-18 17:30:20,444 basehttp 10828 128443679245888 "GET /course/?page=4&size=3&ordering=-price HTTP/1.1" 200 963
INFO 2025-04-18 17:30:26,328 basehttp 10828 128443679245888 "GET /course/category/ HTTP/1.1" 200 245
INFO 2025-04-18 17:30:26,335 basehttp 10828 128443647788608 "GET /nav/header/ HTTP/1.1" 200 239
INFO 2025-04-18 17:30:26,341 basehttp 10828 128443637302848 "GET /nav/footer/ HTTP/1.1" 200 354
INFO 2025-04-18 17:30:26,366 basehttp 10828 128443658274368 "GET /course/?page=1&size=5&ordering=-id HTTP/1.1" 200 1426
WARNING 2025-04-18 17:30:26,386 log 10828 128443626817088 Not Found: /media/course/2.jpeg
WARNING 2025-04-18 17:30:26,387 basehttp 10828 128443626817088 "GET /media/course/2.jpeg HTTP/1.1" 404 2629
INFO 2025-04-18 17:30:29,447 basehttp 10828 128443679245888 "GET /nav/footer/ HTTP/1.1" 200 354
INFO 2025-04-18 17:30:29,455 basehttp 10828 128443658274368 "GET /course/category/ HTTP/1.1" 200 245
INFO 2025-04-18 17:30:29,466 basehttp 10828 128443647788608 "GET /nav/header/ HTTP/1.1" 200 239
INFO 2025-04-18 17:30:29,499 basehttp 10828 128443637302848 "GET /course/?page=1&size=5&ordering=-id HTTP/1.1" 200 1426
WARNING 2025-04-18 17:30:29,521 log 10828 128443626817088 Not Found: /media/course/2.jpeg
WARNING 2025-04-18 17:30:29,523 basehttp 10828 128443626817088 "GET /media/course/2.jpeg HTTP/1.1" 404 2629
INFO 2025-04-18 17:30:33,416 basehttp 10828 128443658274368 "GET /nav/header/ HTTP/1.1" 200 239
INFO 2025-04-18 17:30:33,419 basehttp 10828 128443637302848 "GET /course/category/ HTTP/1.1" 200 245
INFO 2025-04-18 17:30:33,431 basehttp 10828 128443679245888 "GET /nav/footer/ HTTP/1.1" 200 354
INFO 2025-04-18 17:30:33,452 basehttp 10828 128443647788608 "GET /course/?page=1&size=5&ordering=-id HTTP/1.1" 200 1426
WARNING 2025-04-18 17:30:33,476 log 10828 128443626817088 Not Found: /media/course/2.jpeg
WARNING 2025-04-18 17:30:33,476 basehttp 10828 128443626817088 "GET /media/course/2.jpeg HTTP/1.1" 404 2629
INFO 2025-04-18 17:35:14,297 autoreload 10828 128443871399936 /home/dx/Desktop/luffy/luffyapi/luffyapi/settings/dev.py changed, reloading.
INFO 2025-04-18 17:35:15,085 autoreload 12462 127499005939712 Watching for file changes with StatReloader
INFO 2025-04-18 17:35:18,049 basehttp 12462 127498853549632 "GET /admin/ HTTP/1.1" 200 23114
INFO 2025-04-18 17:35:18,425 basehttp 12462 127498853549632 "GET /admin/course/course/ HTTP/1.1" 200 32783
INFO 2025-04-18 17:35:18,459 basehttp 12462 127498853549632 "GET /admin/jsi18n/ HTTP/1.1" 200 9327
INFO 2025-04-18 17:35:20,819 basehttp 12462 127498853549632 "GET /admin/course/course/29/change/ HTTP/1.1" 200 24839
INFO 2025-04-18 17:35:20,859 basehttp 12462 127498843063872 "GET /static/ckeditor/ckeditor.css HTTP/1.1" 304 0
INFO 2025-04-18 17:35:20,861 basehttp 12462 127498832578112 "GET /static/ckeditor/ckeditor-init.js HTTP/1.1" 304 0
INFO 2025-04-18 17:35:20,863 basehttp 12462 127498822092352 "GET /static/ckeditor/ckeditor/ckeditor.js HTTP/1.1" 304 0
INFO 2025-04-18 17:35:20,868 basehttp 12462 127498811606592 "GET /static/ckeditor/fixups.js HTTP/1.1" 304 0
INFO 2025-04-18 17:35:20,878 basehttp 12462 127498853549632 "GET /admin/jsi18n/ HTTP/1.1" 200 9327
INFO 2025-04-18 17:35:21,183 basehttp 12462 127498853549632 "GET /static/ckeditor/ckeditor/config.js?t=N5UC HTTP/1.1" 304 0
INFO 2025-04-18 17:35:21,214 basehttp 12462 127498853549632 "GET /static/ckeditor/ckeditor/skins/moono-lisa/editor.css?t=N5UC HTTP/1.1" 304 0
INFO 2025-04-18 17:35:21,215 basehttp 12462 127498811606592 "GET /static/ckeditor/ckeditor/lang/zh-cn.js?t=N5UC HTTP/1.1" 304 0
INFO 2025-04-18 17:35:21,231 basehttp 12462 127498811606592 "GET /static/ckeditor/ckeditor/styles.js?t=N5UC HTTP/1.1" 304 0
INFO 2025-04-18 17:35:21,292 basehttp 12462 127498853549632 "GET /static/ckeditor/ckeditor/plugins/scayt/dialogs/dialog.css?t=N5UC HTTP/1.1" 304 0
INFO 2025-04-18 17:35:21,295 basehttp 12462 127498811606592 "GET /static/ckeditor/ckeditor/plugins/scayt/skins/moono-lisa/scayt.css?t=N5UC HTTP/1.1" 304 0
INFO 2025-04-18 17:35:21,296 basehttp 12462 127498832578112 "GET /static/ckeditor/ckeditor/plugins/dialog/styles/dialog.css?t=N5UC HTTP/1.1" 304 0
INFO 2025-04-18 17:35:21,297 basehttp 12462 127498843063872 "GET /static/ckeditor/ckeditor/plugins/copyformatting/styles/copyformatting.css?t=N5UC HTTP/1.1" 304 0
INFO 2025-04-18 17:35:21,298 basehttp 12462 127498822092352 "GET /static/ckeditor/ckeditor/plugins/tableselection/styles/tableselection.css?t=N5UC HTTP/1.1" 304 0
INFO 2025-04-18 17:35:21,324 basehttp 12462 127498822092352 "GET /static/ckeditor/ckeditor/skins/moono-lisa/icons.png?t=4a1fb11f44 HTTP/1.1" 304 0
INFO 2025-04-18 17:35:21,365 basehttp 12462 127498811606592 "GET /static/ckeditor/ckeditor/contents.css?t=N5UC HTTP/1.1" 304 0
INFO 2025-04-18 17:35:27,793 basehttp 12462 127498811606592 "GET /admin/course/course/ HTTP/1.1" 200 32783
INFO 2025-04-18 17:35:27,830 basehttp 12462 127498811606592 "GET /admin/jsi18n/ HTTP/1.1" 200 9327
INFO 2025-04-18 17:35:29,011 basehttp 12462 127498811606592 "GET /admin/course/course/29/change/ HTTP/1.1" 200 24839
INFO 2025-04-18 17:35:29,061 basehttp 12462 127498811606592 "GET /admin/jsi18n/ HTTP/1.1" 200 9327
INFO 2025-04-18 19:16:01,285 autoreload 12462 127499005939712 /home/dx/Desktop/luffy/luffyapi/luffyapi/settings/dev.py changed, reloading.
INFO 2025-04-18 19:16:02,846 autoreload 14316 128794858631168 Watching for file changes with StatReloader
INFO 2025-04-18 19:16:03,771 basehttp 14316 128794780239424 "GET /admin/ HTTP/1.1" 200 23114
INFO 2025-04-18 19:16:04,297 basehttp 14316 128794780239424 "GET /admin/course/course/ HTTP/1.1" 200 32783
INFO 2025-04-18 19:16:04,381 basehttp 14316 128794780239424 "GET /admin/jsi18n/ HTTP/1.1" 200 9327
INFO 2025-04-18 19:16:06,233 basehttp 14316 128794780239424 "GET /admin/course/course/29/change/ HTTP/1.1" 200 24428
INFO 2025-04-18 19:16:06,282 basehttp 14316 128794769753664 "GET /static/ckeditor/ckeditor.css HTTP/1.1" 304 0
INFO 2025-04-18 19:16:06,288 basehttp 14316 128794757170752 "GET /static/ckeditor/ckeditor-init.js HTTP/1.1" 304 0
INFO 2025-04-18 19:16:06,289 basehttp 14316 128794658604608 "GET /static/ckeditor/fixups.js HTTP/1.1" 304 0
INFO 2025-04-18 19:16:06,290 basehttp 14316 128794746684992 "GET /static/ckeditor/ckeditor/ckeditor.js HTTP/1.1" 304 0
INFO 2025-04-18 19:16:06,303 basehttp 14316 128794780239424 "GET /admin/jsi18n/ HTTP/1.1" 200 9327
INFO 2025-04-18 19:16:06,681 basehttp 14316 128794780239424 "GET /static/ckeditor/ckeditor/config.js?t=N5UC HTTP/1.1" 304 0
INFO 2025-04-18 19:16:06,725 basehttp 14316 128794780239424 "GET /static/ckeditor/ckeditor/skins/moono-lisa/editor.css?t=N5UC HTTP/1.1" 304 0
INFO 2025-04-18 19:16:06,727 basehttp 14316 128794746684992 "GET /static/ckeditor/ckeditor/lang/zh-cn.js?t=N5UC HTTP/1.1" 304 0
INFO 2025-04-18 19:16:06,764 basehttp 14316 128794746684992 "GET /static/ckeditor/ckeditor/styles.js?t=N5UC HTTP/1.1" 304 0
INFO 2025-04-18 19:16:06,824 basehttp 14316 128794780239424 "GET /static/ckeditor/ckeditor/plugins/scayt/dialogs/dialog.css?t=N5UC HTTP/1.1" 304 0
INFO 2025-04-18 19:16:06,827 basehttp 14316 128794746684992 "GET /static/ckeditor/ckeditor/plugins/scayt/skins/moono-lisa/scayt.css?t=N5UC HTTP/1.1" 304 0
INFO 2025-04-18 19:16:06,830 basehttp 14316 128794658604608 "GET /static/ckeditor/ckeditor/plugins/tableselection/styles/tableselection.css?t=N5UC HTTP/1.1" 304 0
INFO 2025-04-18 19:16:06,830 basehttp 14316 128794780239424 "GET /static/ckeditor/ckeditor/plugins/dialog/styles/dialog.css?t=N5UC HTTP/1.1" 304 0
INFO 2025-04-18 19:16:06,839 basehttp 14316 128794658604608 "GET /static/ckeditor/ckeditor/plugins/copyformatting/styles/copyformatting.css?t=N5UC HTTP/1.1" 304 0
INFO 2025-04-18 19:16:06,864 basehttp 14316 128794757170752 "GET /static/ckeditor/ckeditor/skins/moono-lisa/icons.png?t=4a1fb11f44 HTTP/1.1" 304 0
INFO 2025-04-18 19:16:06,970 basehttp 14316 128794658604608 "GET /static/ckeditor/ckeditor/contents.css?t=N5UC HTTP/1.1" 304 0
INFO 2025-04-18 19:16:16,612 autoreload 14316 128794858631168 /home/dx/Desktop/luffy/luffyapi/luffyapi/settings/dev.py changed, reloading.
INFO 2025-04-18 19:16:17,382 autoreload 14344 137060769681408 Watching for file changes with StatReloader
INFO 2025-04-18 19:16:22,131 basehttp 14344 137060690167360 "GET /admin/ HTTP/1.1" 200 23114
INFO 2025-04-18 19:16:22,412 basehttp 14344 137060690167360 "GET /admin/course/course/ HTTP/1.1" 200 32783
INFO 2025-04-18 19:16:22,455 basehttp 14344 137060690167360 "GET /admin/jsi18n/ HTTP/1.1" 200 9327
INFO 2025-04-18 19:16:23,693 basehttp 14344 137060690167360 "GET /admin/course/course/29/change/ HTTP/1.1" 200 24427
INFO 2025-04-18 19:16:23,743 basehttp 14344 137060690167360 "GET /admin/jsi18n/ HTTP/1.1" 200 9327
INFO 2025-04-18 19:16:24,064 basehttp 14344 137060679681600 "GET /media/2025/04/18/2025-03-26-19-12-00.png HTTP/1.1" 304 0
WARNING 2025-04-18 19:16:24,070 log 14344 137060690167360 Not Found: /media/2019/08/15/course-cover.jpeg
WARNING 2025-04-18 19:16:24,071 basehttp 14344 137060690167360 "GET /media/2019/08/15/course-cover.jpeg HTTP/1.1" 404 2689
INFO 2025-04-18 19:16:33,832 basehttp 14344 137060690167360 "GET /static/admin/simpleui-x/waves/waves.min.js.map HTTP/1.1" 200 9739
INFO 2025-04-18 19:16:33,932 basehttp 14344 137060690167360 "GET /static/admin/simpleui-x/css/index.css.map HTTP/1.1" 200 3480
INFO 2025-04-18 19:16:33,933 basehttp 14344 137060679681600 "GET /static/admin/simpleui-x/css/base.css.map HTTP/1.1" 200 2107
INFO 2025-04-18 19:16:33,975 basehttp 14344 137060591601216 "GET /static/admin/simpleui-x/theme/simpleui.css.map HTTP/1.1" 200 1935
INFO 2025-04-18 19:17:44,264 autoreload 14344 137060769681408 /home/dx/Desktop/luffy/luffyapi/luffyapi/settings/dev.py changed, reloading.
INFO 2025-04-18 19:17:45,013 autoreload 14483 127470103015424 Watching for file changes with StatReloader
INFO 2025-04-18 19:17:46,110 basehttp 14483 127470024001088 "GET /admin/ HTTP/1.1" 200 23114
INFO 2025-04-18 19:17:46,574 basehttp 14483 127470024001088 "GET /admin/course/course/ HTTP/1.1" 200 32783
INFO 2025-04-18 19:17:46,618 basehttp 14483 127470024001088 "GET /admin/jsi18n/ HTTP/1.1" 200 9327
INFO 2025-04-18 19:17:47,032 basehttp 14483 127470024001088 "GET /static/admin/simpleui-x/js/axios.min.map HTTP/1.1" 200 117473
INFO 2025-04-18 19:17:49,387 basehttp 14483 127470024001088 "GET /admin/course/course/29/change/ HTTP/1.1" 200 24858
INFO 2025-04-18 19:17:49,438 basehttp 14483 127470024001088 "GET /admin/jsi18n/ HTTP/1.1" 200 9327
WARNING 2025-04-18 19:17:50,305 log 14483 127470024001088 Not Found: /media/2019/08/15/course-cover.jpeg
WARNING 2025-04-18 19:17:50,306 basehttp 14483 127470024001088 "GET /media/2019/08/15/course-cover.jpeg HTTP/1.1" 404 2689
INFO 2025-04-18 19:19:42,552 autoreload 14483 127470103015424 /home/dx/Desktop/luffy/luffyapi/luffyapi/settings/dev.py changed, reloading.
INFO 2025-04-18 19:19:43,321 autoreload 14637 131383816302592 Watching for file changes with StatReloader
INFO 2025-04-18 19:19:44,115 basehttp 14637 131383737452096 "GET /admin/ HTTP/1.1" 200 23114
INFO 2025-04-18 19:19:44,358 basehttp 14637 131383737452096 "GET /admin/course/course/ HTTP/1.1" 200 32783
INFO 2025-04-18 19:19:44,396 basehttp 14637 131383737452096 "GET /admin/jsi18n/ HTTP/1.1" 200 9327
INFO 2025-04-18 19:19:46,457 basehttp 14637 131383737452096 "GET /admin/course/course/29/change/ HTTP/1.1" 200 24858
INFO 2025-04-18 19:19:46,496 basehttp 14637 131383737452096 "GET /admin/jsi18n/ HTTP/1.1" 200 9327
WARNING 2025-04-18 19:19:46,812 log 14637 131383737452096 Not Found: /media/2019/08/15/course-cover.jpeg
WARNING 2025-04-18 19:19:46,813 basehttp 14637 131383737452096 "GET /media/2019/08/15/course-cover.jpeg HTTP/1.1" 404 2689
INFO 2025-04-18 19:21:41,234 basehttp 14637 131383737452096 "GET /admin/course/teacher/ HTTP/1.1" 200 25541
INFO 2025-04-18 19:21:41,274 basehttp 14637 131383737452096 "GET /admin/jsi18n/ HTTP/1.1" 200 9327
INFO 2025-04-18 19:21:43,071 basehttp 14637 131383737452096 "GET /admin/course/course/ HTTP/1.1" 200 32783
INFO 2025-04-18 19:21:43,102 basehttp 14637 131383737452096 "GET /admin/jsi18n/ HTTP/1.1" 200 9327
INFO 2025-04-18 19:21:44,613 basehttp 14637 131383737452096 "GET /admin/course/course/25/change/ HTTP/1.1" 200 23541
INFO 2025-04-18 19:21:44,654 basehttp 14637 131383737452096 "GET /admin/jsi18n/ HTTP/1.1" 200 9327
INFO 2025-04-18 19:21:49,596 basehttp 14637 131383737452096 "GET /admin/course/course/ HTTP/1.1" 200 32783
INFO 2025-04-18 19:21:49,638 basehttp 14637 131383737452096 "GET /admin/jsi18n/ HTTP/1.1" 200 9327
INFO 2025-04-18 19:21:51,357 basehttp 14637 131383737452096 "GET /admin/course/course/15/change/ HTTP/1.1" 200 23545
INFO 2025-04-18 19:21:51,391 basehttp 14637 131383737452096 "GET /admin/jsi18n/ HTTP/1.1" 200 9327
INFO 2025-04-18 19:32:12,789 basehttp 14637 131383651468864 "GET /course/category/ HTTP/1.1" 200 245
INFO 2025-04-18 19:32:12,798 basehttp 14637 131383630497344 "GET /nav/header/ HTTP/1.1" 200 239
INFO 2025-04-18 19:32:12,830 basehttp 14637 131383640983104 "GET /course/?page=1&size=5&ordering=-id HTTP/1.1" 200 1426
INFO 2025-04-18 19:32:12,834 basehttp 14637 131383630497344 "GET /nav/footer/ HTTP/1.1" 200 354
WARNING 2025-04-18 19:32:12,907 log 14637 131383620011584 Not Found: /media/course/2.jpeg
WARNING 2025-04-18 19:32:12,908 basehttp 14637 131383620011584 "GET /media/course/2.jpeg HTTP/1.1" 404 2629
INFO 2025-04-18 19:32:12,912 basehttp 14637 131383620011584 - Broken pipe from ('127.0.0.1', 49568)
INFO 2025-04-18 19:32:27,719 basehttp 14637 131383630497344 "GET /nav/header/ HTTP/1.1" 200 239
INFO 2025-04-18 19:32:27,746 basehttp 14637 131383640983104 "GET /nav/footer/ HTTP/1.1" 200 354
INFO 2025-04-18 19:32:34,034 basehttp 14637 131383640983104 "GET /nav/header/ HTTP/1.1" 200 239
INFO 2025-04-18 19:32:34,043 basehttp 14637 131383630497344 "GET /nav/footer/ HTTP/1.1" 200 354
INFO 2025-04-18 19:32:39,551 basehttp 14637 131383630497344 "GET /nav/header/ HTTP/1.1" 200 239
INFO 2025-04-18 19:32:39,560 basehttp 14637 131383640983104 "GET /nav/footer/ HTTP/1.1" 200 354
INFO 2025-04-18 19:33:03,593 basehttp 14637 131383640983104 "GET /nav/header/ HTTP/1.1" 200 239
INFO 2025-04-18 19:33:03,597 basehttp 14637 131383630497344 "GET /nav/footer/ HTTP/1.1" 200 354
INFO 2025-04-18 19:33:10,470 basehttp 14637 131383630497344 "GET /nav/header/ HTTP/1.1" 200 239
INFO 2025-04-18 19:33:10,484 basehttp 14637 131383640983104 "GET /nav/footer/ HTTP/1.1" 200 354
INFO 2025-04-18 19:38:49,509 basehttp 14637 131383651468864 "GET /nav/header/ HTTP/1.1" 200 239
INFO 2025-04-18 19:38:49,514 basehttp 14637 131383640983104 "GET /nav/footer/ HTTP/1.1" 200 354
INFO 2025-04-18 19:38:55,586 basehttp 14637 131383640983104 "GET /nav/header/ HTTP/1.1" 200 239
INFO 2025-04-18 19:38:55,597 basehttp 14637 131383651468864 "GET /nav/footer/ HTTP/1.1" 200 354
INFO 2025-04-18 19:39:04,619 basehttp 14637 131383651468864 "GET /nav/header/ HTTP/1.1" 200 239
INFO 2025-04-18 19:39:04,629 basehttp 14637 131383640983104 "GET /nav/footer/ HTTP/1.1" 200 354
INFO 2025-04-18 19:39:17,403 basehttp 14637 131383640983104 "GET /course/category/ HTTP/1.1" 200 245
INFO 2025-04-18 19:39:17,436 basehttp 14637 131383630497344 "GET /nav/header/ HTTP/1.1" 200 239
INFO 2025-04-18 19:39:17,443 basehttp 14637 131383640983104 "GET /nav/footer/ HTTP/1.1" 200 354
INFO 2025-04-18 19:39:17,454 basehttp 14637 131383651468864 "GET /course/?page=1&size=5&ordering=-id HTTP/1.1" 200 1426
WARNING 2025-04-18 19:39:17,494 log 14637 131383620011584 Not Found: /media/course/2.jpeg
WARNING 2025-04-18 19:39:17,498 basehttp 14637 131383620011584 "GET /media/course/2.jpeg HTTP/1.1" 404 2629
INFO 2025-04-18 19:39:17,503 basehttp 14637 131383620011584 - Broken pipe from ('127.0.0.1', 37774)
INFO 2025-04-18 19:39:22,800 basehttp 14637 131383640983104 "GET /nav/header/ HTTP/1.1" 200 239
INFO 2025-04-18 19:39:22,809 basehttp 14637 131383651468864 "GET /nav/footer/ HTTP/1.1" 200 354
INFO 2025-04-18 19:39:27,982 basehttp 14637 131383651468864 "GET /nav/header/ HTTP/1.1" 200 239
INFO 2025-04-18 19:39:28,014 basehttp 14637 131383640983104 "GET /nav/footer/ HTTP/1.1" 200 354
INFO 2025-04-18 19:39:34,994 basehttp 14637 131383640983104 "GET /nav/header/ HTTP/1.1" 200 239
INFO 2025-04-18 19:39:34,996 basehttp 14637 131383651468864 "GET /nav/footer/ HTTP/1.1" 200 354
INFO 2025-04-18 19:39:40,365 basehttp 14637 131383651468864 "GET /course/category/ HTTP/1.1" 200 245
INFO 2025-04-18 19:39:40,382 basehttp 14637 131383630497344 "GET /nav/header/ HTTP/1.1" 200 239
INFO 2025-04-18 19:39:40,400 basehttp 14637 131383651468864 "GET /nav/footer/ HTTP/1.1" 200 354
INFO 2025-04-18 19:39:40,415 basehttp 14637 131383640983104 "GET /course/?page=1&size=5&ordering=-id HTTP/1.1" 200 1426
WARNING 2025-04-18 19:39:40,441 log 14637 131383620011584 Not Found: /media/course/2.jpeg
WARNING 2025-04-18 19:39:40,441 basehttp 14637 131383620011584 "GET /media/course/2.jpeg HTTP/1.1" 404 2629
INFO 2025-04-18 19:39:45,469 basehttp 14637 131383651468864 "GET /nav/header/ HTTP/1.1" 200 239
INFO 2025-04-18 19:39:45,479 basehttp 14637 131383640983104 "GET /nav/footer/ HTTP/1.1" 200 354
WARNING 2025-04-18 19:39:49,168 log 14637 131383620011584 Not Found: /media/course/2.jpeg
WARNING 2025-04-18 19:39:49,169 basehttp 14637 131383620011584 "GET /media/course/2.jpeg HTTP/1.1" 404 2629
INFO 2025-04-18 19:39:56,566 basehttp 14637 131383640983104 "GET /nav/header/ HTTP/1.1" 200 239
INFO 2025-04-18 19:39:56,575 basehttp 14637 131383651468864 "GET /nav/footer/ HTTP/1.1" 200 354
WARNING 2025-04-18 19:39:58,356 log 14637 131383620011584 Not Found: /media/course/2.jpeg
WARNING 2025-04-18 19:39:58,357 basehttp 14637 131383620011584 "GET /media/course/2.jpeg HTTP/1.1" 404 2629
INFO 2025-04-18 19:45:27,634 basehttp 14637 131383640983104 "GET /nav/header/ HTTP/1.1" 200 239
INFO 2025-04-18 19:45:27,650 basehttp 14637 131383630497344 "GET /course/category/ HTTP/1.1" 200 245
INFO 2025-04-18 19:45:27,672 basehttp 14637 131383737452096 "GET /nav/footer/ HTTP/1.1" 200 354
INFO 2025-04-18 19:45:27,683 basehttp 14637 131383651468864 "GET /course/?page=1&size=5&ordering=-id HTTP/1.1" 200 1426
WARNING 2025-04-18 19:45:27,744 log 14637 131383620011584 Not Found: /media/course/2.jpeg
WARNING 2025-04-18 19:45:27,745 basehttp 14637 131383620011584 "GET /media/course/2.jpeg HTTP/1.1" 404 2629
INFO 2025-04-18 19:45:32,303 basehttp 14637 131383651468864 "GET /nav/header/ HTTP/1.1" 200 239
INFO 2025-04-18 19:45:32,308 basehttp 14637 131383737452096 "GET /nav/footer/ HTTP/1.1" 200 354
INFO 2025-04-18 19:46:10,940 basehttp 14637 131383737452096 "GET /course/category/ HTTP/1.1" 200 245
INFO 2025-04-18 19:46:10,951 basehttp 14637 131383640983104 "GET /nav/footer/ HTTP/1.1" 200 354
INFO 2025-04-18 19:46:10,951 basehttp 14637 131383630497344 "GET /nav/header/ HTTP/1.1" 200 239
INFO 2025-04-18 19:46:10,971 basehttp 14637 131383651468864 "GET /course/?page=1&size=5&ordering=-id HTTP/1.1" 200 1426
WARNING 2025-04-18 19:46:10,999 log 14637 131383620011584 Not Found: /media/course/2.jpeg
WARNING 2025-04-18 19:46:11,000 basehttp 14637 131383620011584 "GET /media/course/2.jpeg HTTP/1.1" 404 2629
INFO 2025-04-18 19:46:14,039 basehttp 14637 131383651468864 "GET /nav/header/ HTTP/1.1" 200 239
INFO 2025-04-18 19:46:14,041 basehttp 14637 131383640983104 "GET /nav/footer/ HTTP/1.1" 200 354
INFO 2025-04-18 21:56:32,271 basehttp 14637 131383651468864 "GET /nav/header/ HTTP/1.1" 200 239
INFO 2025-04-18 21:56:32,289 basehttp 14637 131383640983104 "GET /nav/footer/ HTTP/1.1" 200 354
INFO 2025-04-18 22:07:48,727 basehttp 14637 131383651468864 "GET /nav/header/ HTTP/1.1" 200 239
INFO 2025-04-18 22:07:48,737 basehttp 14637 131383640983104 "GET /nav/footer/ HTTP/1.1" 200 354
INFO 2025-04-18 22:07:56,901 basehttp 14637 131383640983104 "GET /nav/header/ HTTP/1.1" 200 239
INFO 2025-04-18 22:07:56,905 basehttp 14637 131383651468864 "GET /nav/footer/ HTTP/1.1" 200 354
INFO 2025-04-18 22:08:14,570 basehttp 14637 131383651468864 "GET /nav/header/ HTTP/1.1" 200 239
INFO 2025-04-18 22:08:14,592 basehttp 14637 131383640983104 "GET /banner/ HTTP/1.1" 200 319
INFO 2025-04-18 22:08:14,598 basehttp 14637 131383737452096 "GET /nav/footer/ HTTP/1.1" 200 354
INFO 2025-04-18 22:08:22,155 basehttp 14637 131383737452096 "GET /course/category/ HTTP/1.1" 200 245
INFO 2025-04-18 22:08:22,175 basehttp 14637 131383651468864 "GET /nav/header/ HTTP/1.1" 200 239
INFO 2025-04-18 22:08:22,176 basehttp 14637 131383630497344 "GET /nav/footer/ HTTP/1.1" 200 354
INFO 2025-04-18 22:08:22,215 basehttp 14637 131383640983104 "GET /course/?page=1&size=5&ordering=-id HTTP/1.1" 200 1426
WARNING 2025-04-18 22:08:22,254 log 14637 131383620011584 Not Found: /media/course/2.jpeg
WARNING 2025-04-18 22:08:22,255 basehttp 14637 131383620011584 "GET /media/course/2.jpeg HTTP/1.1" 404 2629
INFO 2025-04-18 22:08:24,082 basehttp 14637 131383640983104 "GET /nav/header/ HTTP/1.1" 200 239
INFO 2025-04-18 22:08:24,085 basehttp 14637 131383651468864 "GET /nav/footer/ HTTP/1.1" 200 354
INFO 2025-04-18 22:08:33,332 basehttp 14637 131383651468864 "GET /nav/header/ HTTP/1.1" 200 239
INFO 2025-04-18 22:08:33,613 basehttp 14637 131383651468864 "GET /nav/footer/ HTTP/1.1" 200 354
INFO 2025-04-18 22:18:11,553 basehttp 14637 131383651468864 "GET /nav/header/ HTTP/1.1" 200 239
INFO 2025-04-18 22:18:11,758 basehttp 14637 131383651468864 "GET /nav/footer/ HTTP/1.1" 200 354
INFO 2025-04-18 22:29:46,769 basehttp 14637 131383651468864 "GET /nav/header/ HTTP/1.1" 200 239
INFO 2025-04-18 22:29:46,782 basehttp 14637 131383630497344 "GET /nav/footer/ HTTP/1.1" 200 354
INFO 2025-04-18 22:29:49,560 basehttp 14637 131383630497344 "GET /nav/header/ HTTP/1.1" 200 239
INFO 2025-04-18 22:29:49,814 basehttp 14637 131383630497344 "GET /nav/footer/ HTTP/1.1" 200 354
INFO 2025-04-18 22:34:13,969 basehttp 14637 131383630497344 "GET /nav/header/ HTTP/1.1" 200 239
INFO 2025-04-18 22:34:13,983 basehttp 14637 131383651468864 "GET /nav/footer/ HTTP/1.1" 200 354
INFO 2025-04-18 22:34:26,224 basehttp 14637 131383651468864 "GET /course/category/ HTTP/1.1" 200 245
INFO 2025-04-18 22:34:26,247 basehttp 14637 131383640983104 "GET /nav/header/ HTTP/1.1" 200 239
INFO 2025-04-18 22:34:26,267 basehttp 14637 131383737452096 "GET /nav/footer/ HTTP/1.1" 200 354
INFO 2025-04-18 22:34:26,272 basehttp 14637 131383630497344 "GET /course/?page=1&size=5&ordering=-id HTTP/1.1" 200 1426
WARNING 2025-04-18 22:34:26,300 log 14637 131383620011584 Not Found: /media/course/2.jpeg
WARNING 2025-04-18 22:34:26,301 basehttp 14637 131383620011584 "GET /media/course/2.jpeg HTTP/1.1" 404 2629
INFO 2025-04-18 22:34:26,304 basehttp 14637 131383620011584 - Broken pipe from ('127.0.0.1', 34862)
INFO 2025-04-18 22:34:27,806 basehttp 14637 131383630497344 "GET /course/?page=1&size=5&ordering=-id&course_category=7 HTTP/1.1" 200 576
INFO 2025-04-18 22:34:30,040 basehttp 14637 131383630497344 "GET /course/?page=1&size=5&ordering=id&course_category=7 HTTP/1.1" 200 576
INFO 2025-04-18 22:34:31,471 basehttp 14637 131383630497344 "GET /nav/header/ HTTP/1.1" 200 239
INFO 2025-04-18 22:34:31,472 basehttp 14637 131383737452096 "GET /nav/footer/ HTTP/1.1" 200 354
INFO 2025-04-18 22:36:55,847 basehttp 14637 131383630497344 "GET /nav/header/ HTTP/1.1" 200 239
INFO 2025-04-18 22:36:56,032 basehttp 14637 131383630497344 "GET /nav/footer/ HTTP/1.1" 200 354
INFO 2025-04-18 22:43:04,196 basehttp 14637 131383630497344 "GET /nav/header/ HTTP/1.1" 200 239
INFO 2025-04-18 22:43:04,207 basehttp 14637 131383737452096 "GET /nav/footer/ HTTP/1.1" 200 354
INFO 2025-04-18 22:46:52,604 basehttp 14637 131383737452096 "GET /nav/header/ HTTP/1.1" 200 239
INFO 2025-04-18 22:46:52,786 basehttp 14637 131383737452096 "GET /nav/footer/ HTTP/1.1" 200 354
INFO 2025-04-18 22:47:08,098 basehttp 14637 131383737452096 "GET /nav/header/ HTTP/1.1" 200 239
INFO 2025-04-18 22:47:08,292 basehttp 14637 131383737452096 "GET /nav/footer/ HTTP/1.1" 200 354
INFO 2025-04-18 22:48:21,129 basehttp 14637 131383737452096 "GET /nav/header/ HTTP/1.1" 200 239
INFO 2025-04-18 22:48:21,342 basehttp 14637 131383737452096 "GET /nav/footer/ HTTP/1.1" 200 354
INFO 2025-04-18 22:52:45,790 basehttp 14637 131383737452096 "GET /nav/header/ HTTP/1.1" 200 239
INFO 2025-04-18 22:52:45,958 basehttp 14637 131383737452096 "GET /nav/footer/ HTTP/1.1" 200 354
INFO 2025-04-18 22:54:12,455 basehttp 14637 131383737452096 "GET /nav/header/ HTTP/1.1" 200 239
INFO 2025-04-18 22:54:12,480 basehttp 14637 131383737452096 "GET /nav/footer/ HTTP/1.1" 200 354
INFO 2025-04-18 22:55:02,709 basehttp 14637 131383737452096 "GET /nav/header/ HTTP/1.1" 200 239
INFO 2025-04-18 22:55:02,720 basehttp 14637 131383630497344 "GET /nav/footer/ HTTP/1.1" 200 354
INFO 2025-04-18 22:55:41,622 basehttp 14637 131383630497344 "GET /nav/header/ HTTP/1.1" 200 239
INFO 2025-04-18 22:55:41,633 basehttp 14637 131383737452096 "GET /nav/footer/ HTTP/1.1" 200 354
INFO 2025-04-18 22:56:59,022 basehttp 14637 131383737452096 "GET /course/category/ HTTP/1.1" 200 245
INFO 2025-04-18 22:56:59,039 basehttp 14637 131383651468864 "GET /nav/header/ HTTP/1.1" 200 239
INFO 2025-04-18 22:56:59,053 basehttp 14637 131383737452096 "GET /nav/footer/ HTTP/1.1" 200 354
INFO 2025-04-18 22:56:59,066 basehttp 14637 131383630497344 "GET /course/?page=1&size=5&ordering=-id HTTP/1.1" 200 1426
WARNING 2025-04-18 22:56:59,106 log 14637 131383620011584 Not Found: /media/course/2.jpeg
WARNING 2025-04-18 22:56:59,107 basehttp 14637 131383620011584 "GET /media/course/2.jpeg HTTP/1.1" 404 2629
INFO 2025-04-18 22:57:00,749 basehttp 14637 131383737452096 "GET /course/?page=1&size=5&ordering=-id&course_category=3 HTTP/1.1" 200 1371
INFO 2025-04-18 22:57:02,160 basehttp 14637 131383737452096 "GET /course/?page=1&size=5&ordering=-id&course_category=8 HTTP/1.1" 200 52
INFO 2025-04-18 22:57:03,162 basehttp 14637 131383737452096 "GET /course/?page=1&size=5&ordering=-id&course_category=4 HTTP/1.1" 200 52
INFO 2025-04-18 22:57:03,753 basehttp 14637 131383737452096 "GET /course/?page=1&size=5&ordering=-id&course_category=1 HTTP/1.1" 200 1732
WARNING 2025-04-18 22:57:03,776 log 14637 131383620011584 Not Found: /media/course/2.jpeg
WARNING 2025-04-18 22:57:03,776 basehttp 14637 131383620011584 "GET /media/course/2.jpeg HTTP/1.1" 404 2629
INFO 2025-04-18 22:57:03,779 basehttp 14637 131383620011584 - Broken pipe from ('127.0.0.1', 58822)
INFO 2025-04-18 22:57:04,619 basehttp 14637 131383737452096 "GET /nav/header/ HTTP/1.1" 200 239
INFO 2025-04-18 22:57:04,622 basehttp 14637 131383630497344 "GET /nav/footer/ HTTP/1.1" 200 354
